\BOOKMARK [0][-]{chapter*.1}{\376\377\000P\000r\000e\000f\000a\000c\000e}{}% 1
\BOOKMARK [0][-]{chapter*.2}{\376\377\000P\000r\000e\000r\000e\000q\000u\000i\000s\000i\000t\000e\000s}{}% 2
\BOOKMARK [0][-]{chapter.0}{\376\377\000I\000n\000t\000r\000o\000d\000u\000c\000t\000i\000o\000n}{}% 3
\BOOKMARK [1][-]{section.0.1}{\376\377\000O\000b\000j\000e\000c\000t\000s}{chapter.0}% 4
\BOOKMARK [2][-]{subsection.0.1.1}{\376\377\000S\000c\000a\000l\000a\000r\000s}{section.0.1}% 5
\BOOKMARK [2][-]{subsection.0.1.2}{\376\377\000V\000e\000c\000t\000o\000r\000s}{section.0.1}% 6
\BOOKMARK [2][-]{subsection.0.1.3}{\376\377\000M\000a\000t\000r\000i\000c\000e\000s}{section.0.1}% 7
\BOOKMARK [1][-]{section.0.2}{\376\377\000B\000a\000s\000i\000c\000\040\000O\000p\000e\000r\000a\000t\000i\000o\000n\000s}{chapter.0}% 8
\BOOKMARK [2][-]{subsection.0.2.1}{\376\377\000T\000r\000a\000n\000s\000p\000o\000s\000i\000t\000i\000o\000n}{section.0.2}% 9
\BOOKMARK [2][-]{subsection.0.2.2}{\376\377\000A\000d\000d\000i\000t\000i\000o\000n}{section.0.2}% 10
\BOOKMARK [2][-]{subsection.0.2.3}{\376\377\000S\000u\000m\000\040\000O\000v\000e\000r\000\040\000A\000x\000e\000s}{section.0.2}% 11
\BOOKMARK [2][-]{subsection.0.2.4}{\376\377\000M\000u\000l\000t\000i\000p\000l\000i\000c\000a\000t\000i\000o\000n}{section.0.2}% 12
\BOOKMARK [1][-]{section.0.3}{\376\377\000G\000a\000u\000s\000s\000i\000a\000n\000\040\000E\000l\000i\000m\000i\000n\000a\000t\000i\000o\000n}{chapter.0}% 13
\BOOKMARK [2][-]{subsection.0.3.1}{\376\377\000G\000a\000u\000s\000s\000-\000J\000o\000r\000d\000a\000n\000\040\000A\000l\000g\000o\000r\000i\000t\000h\000m}{section.0.3}% 14
\BOOKMARK [1][-]{section.0.4}{\376\377\000I\000n\000v\000e\000r\000s\000e\000\040\000o\000f\000\040\000a\000\040\000M\000a\000t\000r\000i\000x}{chapter.0}% 15
\BOOKMARK [0][-]{chapter.1}{\376\377\000V\000e\000c\000t\000o\000r\000\040\000s\000p\000a\000c\000e\000s}{}% 16
\BOOKMARK [1][-]{section.1.1}{\376\377\000I\000n\000t\000r\000o\000d\000u\000c\000t\000i\000o\000n}{chapter.1}% 17
\BOOKMARK [2][-]{subsection.1.1.1}{\376\377\000V\000e\000c\000t\000o\000r\000\040\000S\000u\000b\000s\000p\000a\000c\000e\000s}{section.1.1}% 18
\BOOKMARK [1][-]{section.1.2}{\376\377\000L\000i\000n\000e\000a\000r\000\040\000C\000o\000m\000b\000i\000n\000a\000t\000i\000o\000n\000s}{chapter.1}% 19
\BOOKMARK [2][-]{subsection.1.2.1}{\376\377\000S\000p\000a\000n}{section.1.2}% 20
\BOOKMARK [1][-]{section.1.3}{\376\377\000L\000i\000n\000e\000a\000r\000\040\000\050\000i\000n\000\051\000d\000e\000p\000e\000n\000d\000e\000n\000c\000e}{chapter.1}% 21
\BOOKMARK [1][-]{section.1.4}{\376\377\000B\000a\000s\000i\000s\000\040\000a\000n\000d\000\040\000D\000i\000m\000e\000n\000s\000i\000o\000n}{chapter.1}% 22
\BOOKMARK [2][-]{subsection.1.4.1}{\376\377\000B\000a\000s\000i\000s}{section.1.4}% 23
\BOOKMARK [2][-]{subsection.1.4.2}{\376\377\000D\000i\000m\000e\000n\000s\000i\000o\000n}{section.1.4}% 24
\BOOKMARK [1][-]{section.1.5}{\376\377\000R\000o\000w\000s\000\040\000a\000n\000d\000\040\000C\000o\000l\000u\000m\000n\000s\000\040\000S\000p\000a\000c\000e}{chapter.1}% 25
\BOOKMARK [2][-]{subsection.1.5.1}{\376\377\000R\000o\000w\000-\000E\000q\000u\000i\000v\000a\000l\000e\000n\000t\000\040\000M\000a\000t\000r\000i\000c\000e\000s\000\040\000a\000n\000d\000\040\000R\000o\000w\000\040\000S\000p\000a\000c\000e}{section.1.5}% 26
\BOOKMARK [2][-]{subsection.1.5.2}{\376\377\000B\000a\000s\000i\000s\000\040\000f\000o\000r\000\040\000R\000o\000w\000\040\000S\000p\000a\000c\000e}{section.1.5}% 27
\BOOKMARK [2][-]{subsection.1.5.3}{\376\377\000B\000a\000s\000i\000s\000\040\000f\000o\000r\000\040\000C\000o\000l\000u\000m\000n\000\040\000S\000p\000a\000c\000e}{section.1.5}% 28
\BOOKMARK [2][-]{subsection.1.5.4}{\376\377\000R\000o\000w\000\040\000a\000n\000d\000\040\000C\000o\000l\000u\000m\000n\000\040\000S\000p\000a\000c\000e\000s\000\040\000D\000i\000m\000e\000n\000s\000i\000o\000n}{section.1.5}% 29
\BOOKMARK [2][-]{subsection.1.5.5}{\376\377\000T\000h\000e\000\040\000R\000a\000n\000k\000\040\000o\000f\000\040\000a\000\040\000M\000a\000t\000r\000i\000x}{section.1