\BOOKMARK [1][-]{section.1}{\376\377\000I\000n\000t\000r\000o\000d\000u\000z\000i\000o\000n\000e}{}% 1
\BOOKMARK [2][-]{subsection.1.1}{\376\377\000P\000a\000n\000o\000r\000a\000m\000i\000c\000a\000\040\000d\000e\000l\000l\000'\000a\000l\000g\000o\000r\000i\000t\000m\000o\000\040\000K\000-\000N\000e\000a\000r\000e\000s\000t\000\040\000N\000e\000i\000g\000h\000b\000o\000r\000s\000\040\000\050\000K\000N\000N\000\051}{section.1}% 2
\BOOKMARK [2][-]{subsection.1.2}{\376\377\000I\000m\000p\000o\000r\000t\000a\000n\000z\000a\000\040\000e\000\040\000a\000p\000p\000l\000i\000c\000a\000z\000i\000o\000n\000i\000\040\000d\000e\000l\000\040\000K\000N\000N}{section.1}% 3
\BOOKMARK [2][-]{subsection.1.3}{\376\377\000O\000b\000i\000e\000t\000t\000i\000v\000i\000\040\000d\000e\000l\000l\000'\000a\000r\000t\000i\000c\000o\000l\000o}{section.1}% 4
\BOOKMARK [1][-]{section.2}{\376\377\000F\000o\000n\000d\000a\000m\000e\000n\000t\000i\000\040\000T\000e\000o\000r\000i\000c\000i\000\040\000d\000e\000l\000\040\000K\000N\000N}{}% 5
\BOOKMARK [2][-]{subsection.2.1}{\376\377\000D\000e\000f\000i\000n\000i\000z\000i\000o\000n\000e\000\040\000e\000\040\000c\000o\000n\000c\000e\000t\000t\000o\000\040\000d\000i\000\040\000b\000a\000s\000e}{section.2}% 6
\BOOKMARK [2][-]{subsection.2.2}{\376\377\000D\000e\000f\000i\000n\000i\000z\000i\000o\000n\000e\000\040\000m\000a\000t\000e\000m\000a\000t\000i\000c\000a\000\040\000f\000o\000r\000m\000a\000l\000e}{section.2}% 7
\BOOKMARK [2][-]{subsection.2.3}{\376\377\000S\000c\000e\000l\000t\000a\000\040\000d\000e\000l\000\040\000p\000a\000r\000a\000m\000e\000t\000r\000o\000\040\000K}{section.2}% 8
\BOOKMARK [2][-]{subsection.2.4}{\376\377\000M\000e\000t\000r\000i\000c\000h\000e\000\040\000d\000i\000\040\000d\000i\000s\000t\000a\000n\000z\000a}{section.2}% 9
\BOOKMARK [3][-]{subsubsection.2.4.1}{\376\377\000D\000i\000s\000t\000a\000n\000z\000a\000\040\000E\000u\000c\000l\000i\000d\000e\000a}{subsection.2.4}% 10
\BOOKMARK [3][-]{subsubsection.2.4.2}{\376\377\000D\000i\000s\000t\000a\000n\000z\000a\000\040\000d\000i\000\040\000M\000a\000n\000h\000a\000t\000t\000a\000n}{subsection.2.4}% 11
\BOOKMARK [3][-]{subsubsection.2.4.3}{\376\377\000D\000i\000s\000t\000a\000n\000z\000a\000\040\000d\000i\000\040\000M\000i\000n\000k\000o\000w\000s\000k\000i}{subsection.2.4}% 12
\BOOKMARK [3][-]{subsubsection.2.4.4}{\376\377\000A\000l\000t\000r\000e\000\040\000m\000e\000t\000r\000i\000c\000h\000e\000\040\000d\000i\000\040\000d\000i\000s\000t\000a\000n\000z\000a}{subsection.2.4}% 13
\BOOKMARK [1][-]{section.3}{\376\377\000P\000r\000o\000p\000r\000i\000e\000t\000\340\000\040\000M\000a\000t\000e\000m\000a\000t\000i\000c\000h\000e\000\040\000e\000\040\000A\000n\000a\000l\000i\000s\000i\000\040\000T\000e\000o\000r\000i\000c\000a}{}% 14
\BOOKMARK [2][-]{subsection.3.1}{\376\377\000L\000a\000\040\000m\000a\000l\000e\000d\000i\000z\000i\000o\000n\000e\000\040\000d\000e\000l\000l\000a\000\040\000d\000i\000m\000e\000n\000s\000i\000o\000n\000a\000l\000i\000t\000\340}{section.3}% 15
\BOOKMARK [2][-]{subsection.3.2}{\376\377\000C\000o\000m\000p\000l\000e\000s\000s\000i\000t\000\340\000\040\000c\000o\000m\000p\000u\000t\000a\000z\000i\000o\000n\000a\000l\000e}{section.3}% 16
\BOOKMARK [2][-]{subsection.3.3}{\376\377\000T\000r\000a\000d\000e\000-\000o\000f\000f\000\040\000b\000i\000a\000s\000-\000v\000a\000r\000i\000a\000n\000z\000a\000\040\000n\000e\000l\000\040\000K\000N\000N}{section.3}% 17
\BOOKMARK [2][-]{subsection.3.4}{\376\377\000I\000n\000t\000e\000r\000p\000r\000e\000t\000a\000z\000i\000o\000n\000e\000\040\000p\000r\000o\000b\000a\000b\000i\000l\000i\000s\000t\000i\000c\000a\000\040\000d\000e\000l\000\040\000K\000N\000N}{section.3}% 18
\BOOKMARK [2][-]{subsection.3.5}{\376\377\000C\000o\000m\000p\000o\000r\000t\000a\000m\000e\000n\000t\000o\000\040\000a\000s\000i\000n\000t\000o\000t\000i\000c\000o\000\040\000e\000\040\000c\000o\000n\000v\000e\000r\000g\000e\000n\000z\000a}{section.3}% 19
\BOOKMARK [1][-]{section.4}{\376\377\000A\000n\000a\000l\000i\000s\000i\000\040\000T\000e\000o\000r\000i\000c\000a}{}% 20
\BOOKMARK [2][-]{subsection.4.1}{\376\377\000L\000a\000\040\000m\000a\000l\000e\000d\000i\000z\000i\000o\000n\000e\000\040\000d\000e\000l\000l\000a\000\040\000d\000i\000m\000e\000n\000s\000i\000o\000n\000a\000l\000i\000t\000\340}{section.4}% 21
\BOOKMARK [2][-]{subsection.4.2}{\376\377\000C\000o\000m\000p\000l\000e\000s\000s\000i\000t\000\340\000\040\000c\000o\000m\000p\000u\000t\000a\000z\000i\000o\000n\000a\000l\000e}{section.4}% 22
\BOOKMARK [2][-]{subsection.4.3}{\376\377\000T\000r\000a\000d\000e\000-\000o\000f\000f\000\040\000b\000i\000a\000s\000-\000v\000a\000r\000i\000a\000n\000z\000a\000\040\000n\000e\000l\000\040\000K\000N\000N}{section.4}% 23
\BOOKMARK [2][-]{subsection.4.4}{\376\377\000I\000n\000t\000e\000r\000p\000r\000e\000t\000a\000z\000i\000o\000n\000e\000\040\000p\000r\000o\000b\000a\000b\000i\000l\000i\000s\000t\000i\000c\000a\000\040\000d\000e\000l\000\040\000K\000N\000N}{section.4}% 24
\BOOKMARK [2][-]{subsection.4.5}{\376\377\000C\000o\000m\000p\000o\000r\000t\000a\000m\000e\000n\000t\000o\000\040\000a\000s\000i\000n\000t\000o\000t\000i\000c\000o\000\040\000e\000\040\000c\000o\000n\000v\000e\000r\000g\000e\000n\000z\000a}{section.4}% 25
